[    0.000000] Initializing cgroup subsys cpuset
[    0.000000] Initializing cgroup subsys cpu
[    0.000000] Initializing cgroup subsys cpuacct
[    0.000000] Linux version 4.4.0-64-generic (buildd@lgw01-56) (gcc version 5.4.0 20160609 (Ubuntu 5.4.0-6ubuntu1~16.04.4) ) #85-Ubuntu SMP Mon Feb 20 11:50:30 UTC 2017 (Ubuntu 4.4.0-64.85-generic 4.4.44)
[    0.000000] Command line: BOOT_IMAGE=/boot/vmlinuz-4.4.0-64-generic root=UUID=19a60251-6472-4ee3-91eb-4a69baf7ad9c ro console=tty1 console=ttyS0
[    0.000000] KERNEL supported cpus:
[    0.000000]   Intel GenuineIntel
[    0.000000]   AMD AuthenticAMD
[    0.000000]   Centaur CentaurHauls
[    0.000000] x86/fpu: xstate_offset[2]:  576, xstate_sizes[2]:  256
[    0.000000] x86/fpu: Supporting XSAVE feature 0x01: 'x87 floating point registers'
[    0.000000] x86/fpu: Supporting XSAVE feature 0x02: 'SSE registers'
[    0.000000] x86/fpu: Supporting XSAVE feature 0x04: 'AVX registers'
[    0.000000] x86/fpu: Enabled xstate features 0x7, context size is 832 bytes, using 'standard' format.
[    0.000000] x86/fpu: Using 'lazy' FPU context switches.
[    0.000000] e820: BIOS-provided physical RAM map:
[    0.000000] BIOS-e820: [mem 0x0000000000000000-0x000000000009fbff] usable
[    0.000000] BIOS-e820: [mem 0x000000000009fc00-0x000000000009ffff] reserved
[    0.000000] BIOS-e820: [mem 0x00000000000f0000-0x00000000000fffff] reserved
[    0.000000] BIOS-e820: [mem 0x0000000000100000-0x000000003ffeffff] usable
[    0.000000] BIOS-e820: [mem 0x000000003fff0000-0x000000003fffffff] ACPI data
[    0.000000] BIOS-e820: [mem 0x00000000fec00000-0x00000000fec00fff] reserved
[    0.000000] BIOS-e820: [mem 0x00000000fee00000-0x00000000fee00fff] reserved
[    0.000000] BIOS-e820: [mem 0x00000000fffc0000-0x00000000ffffffff] reserved
[    0.000000] NX (Execute Disable) protection: active
[    0.000000] SMBIOS 2.5 present.
[    0.000000] Hypervisor detected: KVM
[    0.000000] e820: last_pfn = 0x3fff0 max_arch_pfn = 0x400000000
[    0.000000] MTRR: Disabled
[    0.000000] x86/PAT: MTRRs disabled, skipping PAT initialization too.
[    0.000000] x86/PAT: Configuration [0-7]: WB  WT  UC- UC  WB  WT  UC- UC  
[    0.000000] CPU MTRRs all blank - virtualized system.
[    0.000000] found SMP MP-table at [mem 0x0009fff0-0x0009ffff] mapped at [ffff88000009fff0]
[    0.000000] Scanning 1 areas for low memory corruption
[    0.000000] RAMDISK: [mem 0x3623c000-0x37115fff]
[    0.000000] ACPI: Early table checksum verification disabled
[    0.000000] ACPI: RSDP 0x00000000000E0000 000024 (v02 VBOX  )
[    0.000000] ACPI: XSDT 0x000000003FFF0030 00003C (v01 VBOX   VBOXXSDT 00000001 ASL  00000061)
[    0.000000] ACPI: FACP 0x000000003FFF00F0 0000F4 (v04 VBOX   VBOXFACP 00000001 ASL  00000061)
[    0.000000] ACPI: DSDT 0x000000003FFF0470 00210F (v01 VBOX   VBOXBIOS 00000002 INTL 20161117)
[    0.000000] ACPI: FACS 0x000000003FFF0200 000040
[    0.000000] ACPI: FACS 0x000000003FFF0200 000040
[    0.000000] ACPI: APIC 0x000000003FFF0240 00005C (v02 VBOX   VBOXAPIC 00000001 ASL  00000061)
[    0.000000] ACPI: SSDT 0x000000003FFF02A0 0001CC (v01 VBOX   VBOXCPUT 00000002 INTL 20161117)
[    0.000000] No NUMA configuration found
[    0.000000] Faking a node at [mem 0x0000000000000000-0x000000003ffeffff]
[    0.000000] NODE_DATA(0) allocated [mem 0x3ffeb000-0x3ffeffff]
[    0.000000] kvm-clock: Using msrs 4b564d01 and 4b564d00
[    0.000000] kvm-clock: cpu 0, msr 0:3ffe3001, primary cpu clock
[    0.000000] kvm-clock: using sched offset of 4036079525 cycles
[    0.000000] clocksource: kvm-clock: mask: 0xffffffffffffffff max_cycles: 0x1cd42e4dffb, max_idle_ns: 881590591483 ns
[    0.000000] Zone ranges:
[    0.000000]   DMA      [mem 0x0000000000001000-0x0000000000ffffff]
[    0.000000]   DMA32    [mem 0x0000000001000000-0x000000003ffeffff]
[    0.000000]   Normal   empty
[    0.000000]   Device   empty
[    0.000000] Movable zone start for each node
[    0.000000] Early memory node ranges
[    0.000000]   node   0: [mem 0x0000000000001000-0x000000000009efff]
[    0.000000]   node   0: [mem 0x0000000000100000-0x000000003ffeffff]
[    0.000000] Initmem setup node 0 [mem 0x0000000000001000-0x000000003ffeffff]
[    0.000000] ACPI: PM-Timer IO Port: 0x4008
[    0.000000] IOAPIC[0]: apic_id 2, version 32, address 0xfec00000, GSI 0-23
[    0.000000] ACPI: INT_SRC_OVR (bus 0 bus_irq 0 global_irq 2 dfl dfl)
[    0.000000] ACPI: INT_SRC_OVR (bus 0 bus_irq 9 global_irq 9 high level)
[    0.000000] Using ACPI (MADT) for SMP configuration information
[    0.000000] smpboot: Allowing 2 CPUs, 0 hotplug CPUs
[    0.000000] PM: Registered nosave memory: [mem 0x00000000-0x00000fff]
[    0.000000] PM: Registered nosave memory: [mem 0x0009f000-0x0009ffff]
[    0.000000] PM: Registered nosave memory: [mem 0x000a0000-0x000effff]
[    0.000000] PM: Registered nosave memory: [mem 0x000f0000-0x000fffff]
[    0.000000] e820: [mem 0x40000000-0xfebfffff] available for PCI devices
[    0.000000] Booting paravirtualized kernel on KVM
[    0.000000] clocksource: refined-jiffies: mask: 0xffffffff max_cycles: 0xffffffff, max_idle_ns: 7645519600211568 ns
[    0.000000] setup_percpu: NR_CPUS:512 nr_cpumask_bits:512 nr_cpu_ids:2 nr_node_ids:1
[    0.000000] PERCPU: Embedded 33 pages/cpu @ffff88003fc00000 s98264 r8192 d28712 u1048576
[    0.000000] PV qspinlock hash table entries: 256 (order: 0, 4096 bytes)
[    0.000000] Built 1 zonelists in Node order, mobility grouping on.  Total pages: 257913
[    0.000000] Policy zone: DMA32
[    0.000000] Kernel command line: BOOT_IMAGE=/boot/vmlinuz-4.4.0-64-generic root=UUID=19a60251-6472-4ee3-91eb-4a69baf7ad9c ro console=tty1 console=ttyS0
[    0.000000] PID hash table entries: 4096 (order: 3, 32768 bytes)
[    0.000000] Memory: 997368K/1048120K available (8452K kernel code, 1293K rwdata, 3980K rodata, 1488K init, 1316K bss, 50752K reserved, 0K cma-reserved)
[    0.000000] SLUB: HWalign=64, Order=0-3, MinObjects=0, CPUs=2, Nodes=1
[    0.000000] Hierarchical RCU implementation.
[    0.000000] 	Build-time adjustment of leaf fanout to 64.
[    0.000000] 	RCU restricting CPUs from NR_CPUS=512 to nr_cpu_ids=2.
[    0.000000] RCU: Adjusting geometry for rcu_fanout_leaf=64, nr_cpu_ids=2
[    0.000000] NR_IRQS:33024 nr_irqs:440 16
[    0.000000] Console: colour VGA+ 80x25
[    0.000000] console [tty1] enabled
[    0.000000] console [ttyS0] enabled
[    0.000000] tsc: Detected 2294.684 MHz processor
[    0.266330] Calibrating delay loop (skipped) preset value.. 4589.36 BogoMIPS (lpj=9178736)
[    0.267606] pid_max: default: 32768 minimum: 301
[    0.268284] ACPI: Core revision 20150930
[    0.269836] ACPI: 2 ACPI AML tables successfully acquired and loaded
[    0.302018] Security Framework initialized
[    0.302671] Yama: becoming mindful.
[    0.303273] AppArmor: AppArmor initialized
[    0.304005] Dentry cache hash table entries: 131072 (order: 8, 1048576 bytes)
[    0.306160] Inode-cache hash table entries: 65536 (order: 7, 524288 bytes)
[    0.316316] Mount-cache hash table entries: 2048 (order: 2, 16384 bytes)
[    0.325763] Mountpoint-cache hash table entries: 2048 (order: 2, 16384 bytes)
[    0.354141] Initializing cgroup subsys io
[    0.360037] Initializing cgroup subsys memory
[    0.360702] Initializing cgroup subsys devices
[    0.361360] Initializing cgroup subsys freezer
[    0.362042] Initializing cgroup subsys net_cls
[    0.371178] Initializing cgroup subsys perf_event
[    0.371863] Initializing cgroup subsys net_prio
[    0.372550] Initializing cgroup subsys hugetlb
[    0.373206] Initializing cgroup subsys pids
[    0.373926] CPU: Physical Processor ID: 0
[    0.374542] CPU: Processor Core ID: 0
[    0.375956] mce: CPU supports 0 MCE banks
[    0.376586] Last level iTLB entries: 4KB 1024, 2MB 1024, 4MB 1024
[    0.377406] Last level dTLB entries: 4KB 1024, 2MB 1024, 4MB 1024, 1GB 4
[    0.379919] Freeing SMP alternatives memory: 32K (ffffffff820b9000 - ffffffff820c1000)
[    0.388052] ftrace: allocating 32123 entries in 126 pages
[    0.448727] smpboot: APIC(0) Converting physical 0 to logical package 0
[    0.458109] smpboot: Max logical packages: 1
[    0.463666] x2apic enabled
[    0.464431] Switched APIC routing to physical x2apic.
[    0.472782] ..TIMER: vector=0x30 apic1=0 pin1=2 apic2=-1 pin2=-1
[    0.578130] smpboot: CPU0: Intel(R) Core(TM) i7-4712MQ CPU @ 2.30GHz (family: 0x6, model: 0x3c, stepping: 0x3)
[    0.585050] Performance Events: unsupported p6 CPU model 60 no PMU driver, software events only.
[    0.586509] KVM setup paravirtual spinlock
[    0.587858] x86: Booting SMP configuration:
[    0.588528] .... node  #0, CPUs:      #1
[    0.589257] kvm-clock: cpu 1, msr 0:3ffe3041, secondary cpu clock
[    0.590672] mce: CPU supports 0 MCE banks
[    0.593020] x86: Booted up 1 node, 2 CPUs
[    0.593854] smpboot: Total of 2 processors activated (9178.73 BogoMIPS)
[    0.595114] devtmpfs: initialized
[    0.597982] evm: security.selinux
[    0.598560] evm: security.SMACK64
[    0.599131] evm: security.SMACK64EXEC
[    0.599735] evm: security.SMACK64TRANSMUTE
[    0.600383] evm: security.SMACK64MMAP
[    0.600996] evm: security.ima
[    0.601530] evm: security.capability
[    0.602312] clocksource: jiffies: mask: 0xffffffff max_cycles: 0xffffffff, max_idle_ns: 7645041785100000 ns
[    0.603827] pinctrl core: initialized pinctrl subsystem
[    0.604712] RTC time:  7:34:31, date: 03/08/17
[    0.605969] NET: Registered protocol family 16
[    0.617795] cpuidle: using governor ladder
[    0.629896] cpuidle: using governor menu
[    0.662023] PCCT header not found.
[    0.662725] ACPI: bus type PCI registered
[    0.663397] acpiphp: ACPI Hot Plug PCI Controller Driver version: 0.5
[    0.664348] PCI: Using configuration type 1 for base access
[    0.678506] ACPI: Added _OSI(Module Device)
[    0.724155] ACPI: Added _OSI(Processor Device)
[    0.729051] ACPI: Added _OSI(3.0 _SCP Extensions)
[    0.729732] ACPI: Added _OSI(Processor Aggregator Device)
[    0.731106] ACPI: Executed 1 blocks of module-level executable AML code
[    0.733709] ACPI: Interpreter enabled
[    0.738392] ACPI: (supports S0 S5)
[    0.751703] ACPI: Using IOAPIC for interrupt routing
[    0.752575] PCI: Using host bridge windows from ACPI; if necessary, use "pci=nocrs" and report a bug
[    0.756764] ACPI: PCI Root Bridge [PCI0] (domain 0000 [bus 00-ff])
[    0.758893] acpi PNP0A03:00: _OSC: OS supports [ASPM ClockPM Segments MSI]
[    0.759787] acpi PNP0A03:00: _OSC failed (AE_NOT_FOUND); disabling ASPM
[    0.760665] acpi PNP0A03:00: fail to add MMCONFIG information, can't access extended PCI configuration space under this bridge.
[    0.762397] PCI host bridge to bus 0000:00
[    0.763021] pci_bus 0000:00: root bus resource [io  0x0000-0x0cf7 window]
[    0.763905] pci_bus 0000:00: root bus resource [io  0x0d00-0xffff window]
[    0.764783] pci_bus 0000:00: root bus resource [mem 0x000a0000-0x000bffff window]
[    0.765913] pci_bus 0000:00: root bus resource [mem 0x40000000-0xffdfffff window]
[    0.775838] pci_bus 0000:00: root bus resource [bus 00-ff]
[    0.788999] pci 0000:00:01.1: legacy IDE quirk: reg 0x10: [io  0x01f0-0x01f7]
[    0.789929] pci 0000:00:01.1: legacy IDE quirk: reg 0x14: [io  0x03f6]
[    0.790814] pci 0000:00:01.1: legacy IDE quirk: reg 0x18: [io  0x0170-0x0177]
[    0.791739] pci 0000:00:01.1: legacy IDE quirk: reg 0x1c: [io  0x0376]
[    0.808499] pci 0000:00:07.0: quirk: [io  0x4000-0x403f] claimed by PIIX4 ACPI
[    0.826209] pci 0000:00:07.0: quirk: [io  0x4100-0x410f] claimed by PIIX4 SMB
[    0.853824] ACPI: PCI Interrupt Link [LNKA] (IRQs 5 9 10 *11)
[    0.860392] ACPI: PCI Interrupt Link [LNKB] (IRQs 5 9 10 *11)
[    0.870197] ACPI: PCI Interrupt Link [LNKC] (IRQs 5 9 *10 11)
[    0.881387] ACPI: PCI Interrupt Link [LNKD] (IRQs 5 *9 10 11)
[    0.882644] ACPI: Enabled 2 GPEs in block 00 to 07
[    0.883709] vgaarb: setting as boot device: PCI:0000:00:02.0
[    0.884501] vgaarb: device added: PCI:0000:00:02.0,decodes=io+mem,owns=io+mem,locks=none
[    0.885701] vgaarb: loaded
[    0.886191] vgaarb: bridge control possible 0000:00:02.0
[    0.888213] SCSI subsystem initialized
[    0.895693] ACPI: bus type USB registered
[    0.896340] usbcore: registered new interface driver usbfs
[    0.897115] usbcore: registered new interface driver hub
[    0.897881] usbcore: registered new device driver usb
[    0.898793] PCI: Using ACPI for IRQ routing
[    0.899813] NetLabel: Initializing
[    0.901519] NetLabel:  domain hash size = 128
[    0.902168] NetLabel:  protocols = UNLABELED CIPSOv4
[    0.902915] NetLabel:  unlabeled traffic allowed by default
[    0.903830] amd_nb: Cannot enumerate AMD northbridges
[    0.904605] clocksource: Switched to clocksource kvm-clock
[    0.911386] AppArmor: AppArmor Filesystem Enabled
[    0.920304] pnp: PnP ACPI init
[    0.925668] pnp: PnP ACPI: found 3 devices
[    0.935470] clocksource: acpi_pm: mask: 0xffffff max_cycles: 0xffffff, max_idle_ns: 2085701024 ns
[    0.976512] NET: Registered protocol family 2
[    1.011358] TCP established hash table entries: 8192 (order: 4, 65536 bytes)
[    1.055883] TCP bind hash table entries: 8192 (order: 5, 131072 bytes)
[    1.098082] TCP: Hash tables configured (established 8192 bind 8192)
[    1.107488] UDP hash table entries: 512 (order: 2, 16384 bytes)
[    1.127746] UDP-Lite hash table entries: 512 (order: 2, 16384 bytes)
[    1.128644] NET: Registered protocol family 1
[    1.141791] pci 0000:00:00.0: Limiting direct PCI/PCI transfers
[    1.142610] pci 0000:00:01.0: Activating ISA DMA hang workarounds
[    1.143913] Trying to unpack rootfs image as initramfs...
[    1.367655] Freeing inirrd memory: 15208K (ffff88003623c000 - ffff880037116000)
[    1.456064] RAPL PMU detected, API unit is 2^-32 Joules, 4 fixed counters 10737418240 ms ovfl timer
[    1.459513] hw unit of domain pp0-core 2^-0 Joules
[    1.460339] hw unit of domain package 2^-0 Joules
[    1.471447] hw unit of domain dram 2^-0 Joules
[    1.477423] hw unit of domain pp1-gpu 2^-0 Joules
[    1.478227] platform rtc_cmos: registered platform RTC device (no PNP device found)
[    1.479498] Scanning for low memory corruption every 60 seconds
[    1.480737] futex hash table entries: 512 (order: 3, 32768 bytes)
[    1.481695] audit: initializing netlink subsys (disabled)
[    1.482514] audit: type=2000 audit(1488958477.671:1): initialized
[    1.497981] Initialise system trusted keyring
[    1.501384] HugeTLB registered 2 MB page size, pre-allocated 0 pages
[    1.576598] zbud: loaded
[    1.635557] VFS: Disk quotas dquot_6.6.0
[    1.637579] VFS: Dquot-cache hash table entries: 512 (order 0, 4096 bytes)
[    1.638808] squashfs: version 4.0 (2009/01/31) Phillip Lougher
[    1.665773] fuse init (API version 7.23)
[    1.706043] Key type big_key registered
[    1.707022] Allocating IMA MOK and blacklist keyrings.
[    1.709321] Key type asymmetric registered
[    1.735573] Asymmetric key parser 'x509' registered
[    1.736374] Block layer SCSI generic (bsg) driver version 0.4 loaded (major 249)
[    1.737658] io scheduler noop registered
[    1.777527] io scheduler deadline registered (default)
[    1.778320] io scheduler cfq registered
[    1.779035] pci_hotplug: PCI Hot Plug PCI Core version: 0.5
[    1.779822] pciehp: PCI Express Hot Plug Controller Driver version: 0.4
[    1.780841] ACPI: AC Adapter [AC] (on-line)
[    1.781551] input: Power Button as /devices/LNXSYSTM:00/LNXPWRBN:00/input/input0
[    1.782694] ACPI: Power Button [PWRF]
[    1.783334] input: Sleep Button as /devices/LNXSYSTM:00/LNXSLPBN:00/input/input1
[   11.795541] ACPI: Sleep Button [SLPF]
[    1.835600] GHES: HEST is not enabled!
[    1.836787] ACPI: Battery Slot [BAT0] (battery present)
[    1.837580] Serial: 8250/16550 driver, 32 ports, IRQ sharing enabled
[    1.859802] 00:02: ttyS0 at I/O 0x3f8 (irq = 4, base_baud = 115200) is a 16550A
[    1.864384] Linux agpgart interface v0.103
[    1.888136] brd: module loaded
[    1.889581] loop: module loaded
[    1.890617] scsi host0: ata_piix
[    1.891266] scsi host1: ata_piix
[    1.891848] ata1: PATA max UDMA/33 cmd 0x1f0 ctl 0x3f6 bmdma 0xd000 irq 14
[    1.909949] ata2: PATA max UDMA/33 cmd 0x170 ctl 0x376 bmdma 0xd008 irq 15
[    1.911313] libphy: Fixed MDIO Bus: probed
[    1.915460] tun: Universal TUN/TAP device driver, 1.6
[    1.916197] tun: (C) 1999-2004 Max Krasnyansky <maxk@qualcomm.com>
[    1.917090] PPP generic driver version 2.4.2
[    1.924274] ehci_hcd: USB 2.0 'Enhanced' Host Controller (EHCI) Driver
[    1.925188] ehci-pci: EHCI PCI platform driver
[    1.925870] ehci-platform: EHCI generic platform driver
[    1.926620] ohci_hcd: USB 1.1 'Open' Host Controller (OHCI) Driver
[    1.927469] ohci-pci: OHCI PCI platform driver
[    1.928144] ohci-platform: OHCI generic platform driver
[    1.928894] uhci_hcd: USB Universal Host Controller Interface driver
[    1.929824] i8042: PNP: PS/2 Controller [PNP0303:PS2K,PNP0f03:PS2M] at 0x60,0x64 irq 1,12
[    1.931467] serio: i8042 KBD port at 0x60,0x64 irq 1
[    1.932190] serio: i8042 AUX port at 0x60,0x64 irq 12
[    1.933011] mousedev: PS/2 mouse device common for all mice
[    1.936020] input: AT Translated Set 2 keyboard as /devices/platform/i8042/serio0/input/input2
[    1.937387] rtc_cmos rtc_cmos: rtc core: registered rtc_cmos as rtc0
[    1.938397] rtc_cmos rtc_cmos: alarms up to one day, 114 bytes nvram
[    1.939261] i2c /dev entries driver
[    1.939889] device-mapper: uevent: version 1.0.3
[    1.993796] device-mapper: ioctl: 4.34.0-ioctl (2015-10-28) initialised: dm-devel@redhat.com
[    1.995066] ledtrig-cpu: registered to indicate activity on CPUs
[    1.996332] NET: Registered protocol family 10
[    1.997220] NET: Registered protocol family 17
[    1.997901] Key type dns_resolver registered
[    1.998724] microcode: CPU0 sig=0x306c3, pf=0x40, revision=0x0
[    1.999568] microcode: CPU1 sig=0x306c3, pf=0x40, revision=0x0
[    2.000453] microcode: Microcode Update Driver: v2.01 <tigran@aivazian.fsnet.co.uk>, Peter Oruba
[    2.002095] registered taskstats version 1
[    2.002744] Loading compiled-in X.509 certificates
[    2.004059] Loaded X.509 cert 'Build time autogenerated kernel key: 11f495fa9f4186f263f5fd144a167c99990e2f12'
[    2.005479] zswap: loaded using pool lzo/zbud
[    2.007758] Key type trusted registered
[    2.010961] Key type encrypted registered
[    2.011682] AppArmor: AppArmor sha1 policy hashing enabled
[    2.012673] ima: No TPM chip found, activating TPM-bypass!
[    2.013529] evm: HMAC attrs: 0x1
[    2.014352]   Magic number: 9:351:571
[    2.015045] rtc_cmos rtc_cmos: setting system clock to 2017-03-08 07:34:33 UTC (1488958473)
[    2.016377] BIOS EDD facility v0.16 2004-Jun-25, 0 devices found
[    2.017233] EDD information not available.
[    2.065942] Freeing unused kernel memory: 1488K (ffffffff81f45000 - ffffffff820b9000)
[    2.068195] Write protecting the kernel read-only data: 14336k
[    2.069516] Freeing unused kernel memory: 1776K (ffff880001844000 - ffff880001a00000)
[    2.070995] Freeing unused kernel memory: 116K (ffff880001de3000 - ffff880001e00000)
Loading, please wait...
starting version[    2.084620] random: systemd-udevd: uninitialized urandom read (16 bytes read, 2 bits of entropy available)
 229
[    2.085202] random: udevadm: uninitialized urandom read (16 bytes read, 2 bits of entropy available)
[    2.085233] random: udevadm: uninitialized urandom read (16 bytes read, 2 bits of entropy available)
[    2.085328] random: udevadm: uninitialized urandom read (16 bytes read, 2 bits of entropy available)
[    2.085365] random: udevadm: uninitialized urandom read (16 bytes read, 2 bits of entropy available)
[    2.085398] random: udevadm: uninitialized urandom read (16 bytes read, 2 bits of entropy available)
[    2.085431] random: udevadm: uninitialized urandom read (16 bytes read, 2 bits of entropy available)
[    2.085465] random: udevadm: uninitialized urandom read (16 bytes read, 2 bits of entropy available)
[    2.085495] random: udevadm: uninitialized urandom read (16 bytes read, 2 bits of entropy available)
[    2.085525] random: udevadm: uninitialized urandom read (16 bytes read, 2 bits of entropy available)
[    2.112134] e1000: Intel(R) PRO/1000 Network Driver - version 7.3.21-k8-NAPI
[    2.121626] e1000: Copyright (c) 1999-2006 Intel Corporation.
[    2.125284] Fusion MPT base driver 3.04.20
[    2.125943] Copyright (c) 1999-2008 LSI Corporation
[    2.130643] Fusion MPT SPI Host driver 3.04.20
[    2.141262] mptbase: ioc0: Initiating bringup
[    2.169238] AVX version of gcm_enc/dec engaged.
[    2.171241] AES CTR mode by8 optimization enabled
[    2.220864] ioc0: LSI53C1030 A0: Capabilities={Initiator}
[    2.354149] input: ImExPS/2 Generic Explorer Mouse as /devices/platform/i8042/serio1/input/input4
[    2.414157] scsi host2: ioc0: LSI53C1030 A0, FwRev=00000000h, Ports=1, MaxQ=256, IRQ=20
[    2.476647] tsc: Refined TSC clocksource calibration: 2294.990 MHz
[    2.505316] clocksource: tsc: mask: 0xffffffffffffffff max_cycles: 0x2114b83d98e, max_idle_ns: 440795233865 ns
[    2.568925] scsi 2:0:0:0: Direct-Access     VBOX     HARDDISK         1.0  PQ: 0 ANSI: 5
[    2.581471] scsi target2:0:0: Beginning Domain Validation
[    2.583914] scsi target2:0:0: Domain Validation skipping write tests
[    2.594512] scsi target2:0:0: Ending Domain Validation
[    2.597551] scsi target2:0:0: asynchronous
[    2.600730] scsi 2:0:1:0: Direct-Access     VBOX     HARDDISK         1.0  PQ: 0 ANSI: 5
[    2.603264] scsi target2:0:1: Beginning Domain Validation
[    2.604794] scsi target2:0:1: Domain Validation skipping write tests
[    2.606915] scsi target2:0:1: Ending Domain Validation
[    2.608445] scsi target2:0:1: asynchronous
[    2.699811] sd 2:0:0:0: [sda] 20971520 512-byte logical blocks: (10.7 GB/10.0 GiB)
[    2.702512] sd 2:0:0:0: Attached scsi generic sg0 type 0
[    2.717670] sd 2:0:0:0: [sda] Write Protect is off
[    2.750055] sd 2:0:1:0: [sdb] 20480 512-byte logical blocks: (10.5 MB/10.0 MiB)
[    2.776674] sd 2:0:1:0: Attached scsi generic sg1 type 0
[    2.813880] sd 2:0:1:0: [sdb] Write Protect is off
[    2.843742] sd 2:0:0:0: [sda] Incomplete mode parameter data
[    2.852423] sd 2:0:0:0: [sda] Assuming drive cache: write through
[    2.868266] sd 2:0:1:0: [sdb] Incomplete mode parameter data
[    2.869141] sd 2:0:1:0: [sdb] Assuming drive cache: write through
[    2.903589]  sda: sda1
[    2.904990] sd 2:0:0:0: [sda] Attached SCSI disk
[    2.910469] e1000 0000:00:03.0 eth0: (PCI:33MHz:32-bit) 02:58:f3:11:f2:f2
[    2.911409] e1000 0000:00:03.0 eth0: Intel(R) PRO/1000 Network Connection
[    2.956930] sd 2:0:1:0: [sdb] Attached SCSI disk
[    3.243929] e1000 0000:00:08.0 eth1: (PCI:33MHz:32-bit) 08:00:27:fe:04:3a
[    3.334101] e1000 0000:00:08.0 eth1: Intel(R) PRO/1000 Network Connection
[    3.335747] e1000 0000:00:03.0 enp0s3: renamed from eth0
[    3.348902] e1000 0000:00:08.0 enp0s8: renamed from eth1
[    5.184687] floppy0: no floppy controllers found
Begin: Loading e[    6.496068] md: linear personality registered for level -1
ssential drivers ... [    6.537034] md: multipath personality registered for level -4
[    6.540228] md: raid0 personality registered for level 0
[    6.543667] md: raid1 personality registered for level 1
[    6.616628] raid6: sse2x1   gen()  9230 MB/s
[    6.688620] raid6: sse2x1   xor()  7243 MB/s
[    6.796635] raid6: sse2x2   gen() 11527 MB/s
[    6.900631] raid6: sse2x2   xor()  7949 MB/s
[    6.984655] raid6: sse2x4   gen() 13161 MB/s
[    7.056621] raid6: sse2x4   xor()  9438 MB/s
[    7.073199] raid6: using algorithm sse2x4 gen() 13161 MB/s
[    7.073972] raid6: .... xor() 9438 MB/s, rmw enabled
[    7.074681] raid6: using ssse3x2 recovery algorithm
[    7.096551] xor: automatically using best checksumming function:
[    7.169535]    avx       : 54344.000 MB/sec
[    7.186838] async_tx: api initialized (async)
[    7.199091] md: raid6 personality registered for level 6
[    7.207526] md: raid5 personality registered for level 5
[    7.208282] md: raid4 personality registered for level 4
[    7.214211] md: raid10 personality registered for level 10
done.
Begin: Running /scripts/init-premount ... done.
Begin: Mounting root file system ... Begin: Running /scripts/local-top ... done.
Begin: Running /scripts/local-premount ... [    7.253610] Btrfs loaded
Scanning for Btrfs filesystems
done.
Warning: fsck not present, so skipping root file system
[    7.369049] EXT4-fs (sda1): mounted filesystem with ordered data mode. Opts: (null)
done.
Begin: Running /scripts/local-bottom ... done.
Begin: Running /scripts/init-bottom ... Warning: overlayroot: debug is busted
done.
[    8.004544] systemd[1]: systemd 229 running in system mode. (+PAM +AUDIT +SELINUX +IMA +APPARMOR +SMACK +SYSVINIT +UTMP +LIBCRYPTSETUP +GCRYPT +GNUTLS +ACL +XZ -LZ4 +SECCOMP +BLKID +ELFUTILS +KMOD -IDN)
[    8.031100] systemd[1]: Detected virtualization oracle.
[    8.031929] systemd[1]: Detected architecture x86-64.

Welcome to [1mUbuntu 16.04.1 LTS[0m!

[    8.080022] systemd[1]: Set hostname to <ubuntu-xenial>.
[    8.493102] random: nonblocking pool is initialized
[    8.767188] systemd[1]: Listening on LVM2 metadata daemon socket.
[[0;32m  OK  [0m] Listening on LVM2 metadata daemon socket.
[    8.831768] systemd[1]: Created slice System Slice.
[[0;32m  OK  [0m] Created slice System Slice.
[    8.834603] systemd[1]: Reached target Encrypted Volumes.
[[0;32m  OK  [0m] Reached target Encrypted Volumes.
[    8.843478] systemd[1]: Listening on udev Kernel Socket.
[[0;32m  OK  [0m] Listening on udev Kernel Socket.
[    8.846420] systemd[1]: Listening on /dev/initctl Compatibility Named Pipe.
[[0;32m  OK  [0m] Listening on /dev/initctl Compatibility Named Pipe.
[    8.850815] systemd[1]: Listening on LVM2 poll daemon socket.
[[0;32m  OK  [0m] Listening on LVM2 poll daemon socket.
[    8.854550] systemd[1]: Reached target Swap.
[[0;32m  OK  [0m] Reached target Swap.
[    8.858251] systemd[1]: Listening on udev Control Socket.
[[0;32m  OK  [0m] Listening on udev Control Socket.
[    8.864407] systemd[1]: Listening on Device-mapper event daemon FIFOs.
[[0;32m  OK  [0m] Listening on Device-mapper event daemon FIFOs.
[    8.867598] systemd[1]: Reached target User and Group Name Lookups.
[[0;32m  OK  [0m] Reached target User and Group Name Lookups.
[    8.870733] systemd[1]: Listening on Journal Socket.
[[0;32m  OK  [0m] Listening on Journal Socket.
[    8.888718] systemd[1]: Starting Nameserver information manager...
         Starting Nameserver information manager...
[    8.893689] systemd[1]: Starting Set console keymap...
         Starting Set console keymap...
[    8.897968] systemd[1]: Starting Monitoring of LVM2 mirrors, snapshots etc. using dmeventd or progress polling...
         Starting Monitoring of LVM2 mirrors... dmeventd or progress polling...
[    8.907079] systemd[1]: Starting Create list of required static device nodes for the current kernel...
         Starting Create list of required st... nodes for the current kernel...
[    8.909931] systemd[1]: Starting Remount Root and Kernel File Systems...
         Starting Remount Root and Kernel File Systems...
[    9.068869] systemd[1]: Starting Load Kernel Modules...
         Starting Load Kernel Modules...
[    9.099084] systemd[1]: Mounting Huge Pages File System...
         Mounting Huge Pages File System...
[    9.108990] systemd[1]: Mounting Debug File System...
         Mounting Debug File System...
[    9.123598] systemd[1]: Created slice system-serial\x2dgetty.slice.
[[0;32m  OK  [0m] Created slice system-serial\x2dgetty.slice.
[    9.125858] systemd[1]: Listening on Syslog Socket.
[[0;32m  OK  [0m] Listening on Syslog Socket.
[    9.209088] systemd[1]: Created slice User and Session Slice.
[[0;32m  OK  [0m] Created slice User and Session Slice.
[    9.212436] systemd[1]: Reached target Slices.
[[0;32m  OK  [0m] Reached target Slices.
[    9.214391] systemd[1]: Set up automount Arbitrary Executable File Formats File System Automount Point.
[[0;32m  OK  [0m] Set up automount Arbitrary Ex[    9.246281] EXT4-fs (sda1): re-mounted. Opts: (null)
ecutab...ats File System Automount Point.
[    9.289982] Loading iSCSI transport class v2.0-870.
[    9.324811] systemd[1]: Starting Uncomplicated firewall...
         Starting Uncomplicated firewall...
[    9.349710] systemd[1]: Started Forward Password Requests to Wall Directory Watch.
[[0;32m  OK  [0m] Started Forward Password Requests to Wall Directory Watch.
[    9.358478] systemd[1]: Listening on Journal Audit Socket.
[[0;32m  OK  [0m] Listening on Journal Audit Socket.
[    9.367505] systemd[1]: Mounting POSIX Message Queue File System...
         Mounting POSIX Message Queue File System...
[    9.372865] systemd[1]: Listening on Journal Socket (/dev/log).
[[0;32m  OK  [0m] Listening on Journal Socket (/dev/log).
[    9.383760] systemd[1]: Starting Journal Service...
         Starting Journal Service...
[    9.398871] systemd[1]: Mounted Debug File System.
[[0;32m  OK  [0m] Mounted Debug File System.
[    9.403513] systemd[1]: Mounted POSIX Message Queue File System.
[[0;32m  OK  [0m] Mounted POSIX Message Queue File System.
[    9.406637] systemd[1]: Mounted Huge Pages File System.
[[0;32m  OK  [0m] Mounted Huge Pages File System.
[    9.421325] systemd[1]: Started Create list of required static device nodes for the current kernel.
[[0;32m  OK  [0m] Started Create list of required sta...ce nodes for the current kernel.
[    9.430349] systemd[1]: Started Remount Root and Kernel File Systems.
[[0;32m  OK  [0m] Started Remount Root and Kernel File Systems.
[    9.472836] systemd[1]: Started Nameserver information manager.
[    9.487105] iscsi: registered transport (tcp)
[[0;32m  OK  [0m] Started Nameserver information manager.
[    9.513423] systemd[1]: Started Set console keymap.
[[0;32m  OK  [0m] Started Set console keymap.
[    9.541171] systemd[1]: Started Uncomplicated firewall.
[[0;32m  OK  [0m] Started Uncomplicated firewall.
[    9.569032] systemd[1]: Started LVM2 metadata daemon.
[[0;32m  OK  [0m] Started LVM2 metadata daemon.
[    9.582721] systemd[1]: Starting Load/Save Random Seed...
         Starting Load/Save Random Seed...
[    9.628803] systemd[1]: Starting udev Coldplug all Devices...
         Starting udev Coldplug all Devices...
[    9.646175] systemd[1]: Starting Initial cloud-init job (pre-networking)...
         Starting Initial cloud-init job (pre-networking)...
[    9.648754] systemd[1]: Starting Create Static Device Nodes in /dev...
         Starting Create Static Device Nodes in /dev...
[    9.779808] systemd[1]: Started Journal Service.
[[0;32m  OK  [0m] Started Journal Service.
[[0;32m  OK  [0m] Started udev Coldplug all Devices.
[[0;32m  OK  [0m] Started Load/Save Random Seed.
[    9.811816] iscsi: registered transport (iser)
         Starting Flush Journal to Persistent Storage...
[[0;32m  OK  [0m] Started Load Kernel Modules.
         Starting Apply Kernel Variables...
         Mounting FUSE Control File System...
[[0;32m  OK  [0m] Mounted FUSE Control File System.
[    9.959425] systemd-journald[440]: Received request to flush runtime journal from PID 1
[[0;32m  OK  [0m] Started Flush Journal to Persistent Storage.
[[0;32m  OK  [0m] Started Apply Kernel Variables.
[[0;32m  OK  [0m] Started Monitoring of LVM2 mirrors,...ng dmeventd or progress polling.
[[0;32m  OK  [0m] Started Create Static Device Nodes in /dev.
         Starting udev Kernel Device Manager...
[[0;32m  OK  [0m] Started udev Kernel Device Manager.
[[0;32m  OK  [0m] Reached target Local File Systems (Pre).
[[0;32m  OK  [0m] Reached target Local File Systems.
         Starting LSB: AppArmor initialization...
         Starting Run snappy firstboot setup...
         Starting Create Volatile Files and Directories...
         Starting Tell Plymouth To Write Out Runtime Data...
         Starting Set console font and keymap...
[[0;32m  OK  [0m] Started Dispatch Password Requests to Console Directory Watch.
[[0;32m  OK  [0m] Started Tell Plymouth To Write Out Runtime Data.
[[0;32m  OK  [0m] Found device /dev/ttyS0.
[[0;32m  OK  [0m] Listening on Load/Save RF Kill Switch Status /dev/rfkill Watch.
[[0;32m  OK  [0m] Found device 82540EM Gigabit Ethern...r (PRO/1000 MT Desktop Adapter).
[[0;32m  OK  [0m] Found device 82540EM Gigabit Ethern...r (PRO/1000 MT Desktop Adapter).
[[0;32m  OK  [0m] Started Set console font and keymap.
[[0;32m  OK  [0m] Created slice system-getty.slice.
[[0;32m  OK  [0m] Started Create Volatile Files and Directories.
[[0;32m  OK  [0m] Reached target System Time Synchronized.
         Starting Update UTMP about System Boot/Shutdown...
[[0;32m  OK  [0m] Started Update UTMP about System Boot/Shutdown.
[[0;32m  OK  [0m] Started Run snappy firstboot setup.
[[0;32m  OK  [0m] Started LSB: AppArmor initialization.
[   13.607961] cloud-init[470]: Cloud-init v. 0.7.8 running 'init-local' at Wed, 08 Mar 2017 07:34:45 +0000. Up 13.07 seconds.
[[0;32m  OK  [0m] Started Initial cloud-init job (pre-networking).
[[0;32m  OK  [0m] Reached target Network (Pre).
[[0;32m  OK  [0m] Started ifup for enp0s8.
[[0;32m  OK  [0m] Started ifup for enp0s3.
         Starting Raise network interfaces...
[[0;32m  OK  [0m] Started Raise network interfaces.
         Starting Initial cloud-init job (metadata service crawler)...
[[0;32m  OK  [0m] Reached target Network.
[   14.892262] cloud-init[1057]: Cloud-init v. 0.7.8 running 'init' at Wed, 08 Mar 2017 07:34:46 +0000. Up 14.37 seconds.
[   14.976472] cloud-init[1057]: ci-info: +++++++++++++++++++++++++++++++++++++Net device info++++++++++++++++++++++++++++++++++++++
[   15.016401] cloud-init[1057]: ci-info: +--------+------+----------------------------+---------------+-------+-------------------+
[[0;32m  OK  [0m] Started Initial cloud-init job (metadata service crawler).
[[0;32m  OK  [0m] Reached target Cloud-config availability.
[   15.051820] cloud-init[1057]: ci-info: | Device |  Up  |          Address           |      Mask     | Scope |     Hw-Address    |
[[0;32m  OK  [0m] Reached target Network is Online.
[   15.128100] cloud-init[1057]: ci-info: +--------+------+----------------------------+---------------+-------+-------------------+
[   15.152347]          cloud-initStarting iSCSI initiator daemon (iscsid)...[1057]: 
ci-info: |   lo   | True |         127.0.0.1          |   255.0.0.0   |   .   |         .         |
[   15.160970] [[0;32m  OK  [0m] Reached target System Initialization.
[[0;32m  OK  [0m] Listening on UUID daemon activation socket.
[[0;32m  OK  [0m] Listening on ACPID Listen Socket.
[[0;32m  OK  [0m] Started Trigger resolvconf update for networkd DNS.
         Starting Socket activation for snappy daemon.
cloud-init[1057]: ci-info: |   lo   | True |          ::1/128           |       .       |  host |         .         |
[   15.192617] cloud-init[1057]: ci-info: | enp0s8 | True |       192.168.33.10        | 255.255.255.0 |   .   | 08:00:27:fe:04:3a |
[   15.198371] [cloud-init[0;32m  OK  [0m[1057]: ] ci-info: | enp0s8 | True | fe80::a00:27ff:fefe:43a/64 |       .       |  link | 08:00:27:fe:04:3a |Started ACPI Events Check.

[[0;32m  OK  [0m] Reached target Paths.
[   15.198832] cloud-init[1057]: ci-info: | enp0s3 | True |         10.0.2.15          | 255.255.255.0 |   .   | 02:58:f3:11:f2:f2 |
[   15.258004] [[0;32m  OK  [0m] Started Daily apt activities.
[[0;32m  OK  [0m] Listening on D-Bus System Message Bus Socket.
[[0;32m  OK  [0m] Started Daily Cleanup of Temporary Directories.
[[0;32m  OK  [0m] Started Timer to automatically refresh installed snaps.
[[0;32m  OK  [0m] Reached target Timers.
cloud-init[1057]: ci-info: | enp0s3 | True | fe80::58:f3ff:fe11:f2f2/64 |       .       |  link | 02:58:f3:11:f2:f2 |
[   15.261632] cloud-init[1057]: ci-info: +--------+------+----------------------------+---------------+-------+-------------------+
[   15.274851] cloud-init[1057]: ci-info: ++++++++++++++++++++++++++++Route IPv4 info++++++++++++++++++++++++++++
[   15.278251] cloud-init[1057]: ci-info: +-------+--------------+----------+---------------+-----------+-------+
[   15.291337] cloud-init[1057]: ci-info: | Route | Destination  | Gateway  |    Genmask    | Interface | Flags |
[   15.297926] cloud-init[1057]: ci-info: +-------+--------------+----------+---------------+-----------+-------+
[   15.299124] cloud-init[1057]: ci-info: |   0   |   0.0.0.0    | 10.0.2.2 |    0.0.0.0    |   enp0s3  |   UG  |
[   15.300311] cloud-init[1057]: ci-info: |   1   |   10.0.2.0   | 0.0.0.0  | 255.255.255.0 |   enp0s3  |   U   |
[   15.304699] cloud-init[1057]: ci-info: |   2   | 192.168.33.0 | 0.0.0.0  | 255.255.255.0 |   enp0s8  |   U   |
[   15.308077] cloud-init[1057]: ci-info: +-------+--------------+----------+---------------+-----------+-------+
         Starting LXD - unix socket.
[[0;32m  OK  [0m] Listening on Socket activation for snappy daemon.
[[0;32m  OK  [0m] Listening on LXD - unix socket.
[[0;32m  OK  [0m] Started iSCSI initiator daemon (iscsid).
         Starting Login to default iSCSI targets...
[[0;32m  OK  [0m] Reached target Sockets.
[[0;32m  OK  [0m] Reached target Basic System.
[[0;32m  OK  [0m] Started Deferred execution scheduler.
[[0;32m  OK  [0m] Started memcached daemon.
         Starting LSB: Record successful boot for GRUB...
         Starting LSB: MD monitoring daemon...
[[0;32m  OK  [0m] Started ACPI event daemon.
[[0;32m  OK  [0m] Started Regular background program processing daemon.
[[0;32m  OK  [0m] Started D-Bus System Message Bus.
[[0;32m  OK  [0m] Started FUSE filesystem for LXC.
         Starting LXD - container startup/shutdown...
         Starting Daily apt activities...
         Starting OpenBSD Secure Shell server...
         Starting System Logging Service...
         Starting Login Service...
[[0;32m  OK  [0m] Started Snappy daemon.
         Starting Accounts Service...
         Starting /etc/rc.local Compatibility...
         Starting Apply the settings specified in cloud-config...
[[0;32m  OK  [0m] Started /etc/rc.local Compatibility.
[[0;32m  OK  [0m] Started Login to default iSCSI targets.
[[0;32m  OK  [0m] Reached target Remote File Systems (Pre).
[[0;32m  OK  [0m] Reached target Remote File Systems.
         Starting LSB: VirtualBox Linux Additions...
         Starting LSB: Start and stop the mysql database server daemon...
         Starting LSB: Set the CPU Frequency Scaling governor to "ondemand"...
         Starting LSB: automatic crash report generation...
         Starting LSB: Apache2 web server...
         Starting LSB: daemon to balance interrupts for SMP systems...
         Starting Permit User Sessions...
[[0;32m  OK  [0m] Started Login Service.
[[0;32m  OK  [0m] Started LSB: Set the CPU Frequency Scaling governor to "ondemand".
[[0;32m  OK  [0m] Started LSB: Record successful boot for GRUB.
[[0;32m  OK  [0m] Started System Logging Service.
[[0;32m  OK  [0m] Started Permit User Sessions.
         Starting Terminate Plymouth Boot Screen...
         Starting Hold until boot process finishes up...
[[0;32m  OK  [0m] Started Hold until boot process finishes up.
[[0;32m  OK  [0m] Started Terminate Plymouth Boot Screen.
         Starting Set console scheme...
[[0;32m  OK  [0m] Started Getty on tty1.
[[0;32m  OK  [0m] Started Serial Getty on ttyS0.
[[0;32m  OK  [0m] Reached target Login Prompts.
[[0;32m  OK  [0m] Started LSB: automatic crash report generation.
[[0;32m  OK  [0m] Started LSB: MD monitoring daemon.
[   16.775899] cloud-init[1163]: Cloud-init v. 0.7.8 running 'modules:config' at Wed, 08 Mar 2017 07:34:48 +0000. Up 16.34 seconds.
[[0;32m  OK  [0m] Started LSB: daemon to balance interrupts for SMP systems.
[[0;32m  OK  [0m] Started Apply the settings specified in cloud-config.
[[0;32m  OK  [0m] Started Set console scheme.
[[0;32m  OK  [0m] Started OpenBSD Secure Shell server.
[[0;32m  OK  [0m] Started LSB: VirtualBox Linux Additions.
         Starting Authenticate and Authorize Users to Run Privileged Tasks...
[[0;32m  OK  [0m] Started Authenticate and Authorize Users to Run Privileged Tasks.
[[0;32m  OK  [0m] Started Accounts Service.
[[0;32m  OK  [0m] Created slice User Slice of ubuntu.
         Starting User Manager for UID 1000...
[[0;32m  OK  [0m] Started Session 1 of user ubuntu.
[[0;32m  OK  [0m] Started User Manager for UID 1000.
[[0;32m  OK  [0m] Started LXD - container startup/shutdown.

Ubuntu 16.04.1 LTS ubuntu-xenial ttyS0

ubuntu-xenial login: [   30.276064] cloud-init[2153]: Cloud-init v. 0.7.8 running 'modules:final' at Wed, 08 Mar 2017 07:35:02 +0000. Up 30.08 seconds.
[   30.276464] cloud-init[2153]: Cloud-init v. 0.7.8 finished at Wed, 08 Mar 2017 07:35:02 +0000. Datasource DataSourceNoCloud [seed=/dev/sdb][dsmode=net].  Up 30.27 seconds
